/Users/apple/Downloads/Akram Developments/radio streaming project/frontend/node_modules/@prisma/client/src/runtime/getPrismaClient.ts:336
        throw new PrismaClientInitializationError(
              ^
PrismaClientInitializationError: `PrismaClient` needs to be constructed with a non-empty, valid `PrismaClientOptions`:

```
new PrismaClient({
  ...
})
```

or

```
constructor() {
  super({ ... });
}
```
          
    at new t (/Users/apple/Downloads/Akram Developments/radio streaming project/frontend/node_modules/@prisma/client/src/runtime/getPrismaClient.ts:336:15)
    at Object.<anonymous> (/Users/apple/Downloads/Akram Developments/radio streaming project/frontend/prisma/seed.ts:5:16)
    at Module._compile (node:internal/modules/cjs/loader:1830:14)
    at Module.m._compile (/Users/apple/Downloads/Akram Developments/radio streaming project/frontend/node_modules/ts-node/src/index.ts:1618:23)
    at node:internal/modules/cjs/loader:1961:10
    at Object.require.extensions.<computed> [as .ts] (/Users/apple/Downloads/Akram Developments/radio streaming project/frontend/node_modules/ts-node/src/index.ts:1621:12)
    at Module.load (node:internal/modules/cjs/loader:1553:32)
    at Module._load (node:internal/modules/cjs/loader:1355:12)
    at wrapModuleLoad (node:internal/modules/cjs/loader:255:19)
    at Module.executeUserEntryPoint [as runMain] (node:internal/modules/run_main:154:5) {
  clientVersion: '7.8.0',
  errorCode: undefined,
  retryable: undefined
}
